<?xml version="1.0" encoding="UTF-8"?>
<!-- Generated by org.testng.reporters.JUnitReportReporter -->
<testsuite skipped="0" hostname="DESKTOP-01THEB1" name="com.craftsvilla.testscripts.LogInScripts" tests="1" failures="0" timestamp="06 Dec 2019 17:15:03 GMT" time="154.224" errors="0">
  <testcase name="TC_01_login" time="154.224" classname="com.craftsvilla.testscripts.LogInScripts"/>
</testsuite> <!-- com.craftsvilla.testscripts.LogInScripts -->
