<?xml version="1.0" encoding="UTF-8"?>
<!-- Generated by org.testng.reporters.JUnitReportReporter -->
<testsuite skipped="0" hostname="DESKTOP-01THEB1" name="com.craftsvilla.testscripts.SignInScripts" tests="1" failures="0" timestamp="07 Dec 2019 15:50:02 GMT" time="78.542" errors="0">
  <testcase name="TC_01_SignIn" time="78.542" classname="com.craftsvilla.testscripts.SignInScripts"/>
</testsuite> <!-- com.craftsvilla.testscripts.SignInScripts -->
